[   .00000 Lin veron 45.0-72ener (budd@l01-amd64-026) (gcc version 7.4.0 (Ubuntu 7.4.0-1ubuntu1~18.04.1)) #81-Ubuntu P Tueov 212:202 UTC019 buntu 4.15.0-72.81-generic 4.158)
   000000]ommanlineBOOTIMGE=/ot/vinuz-45.0--genic rt=LAL=cloimg-otfso coole=y1 console=ttyS0
[    0.000000] KERNEL suortecpus:[   .0000]  ntelenuiInte
[  0.0000]   AMD AuthenticAMD
[  0.0000] Cenaur CentaurHauls
[   0.0000] 6/fp SuprtinXSAVE eatu 0x0: 'x floing int gists'
   00000] 86/f: Suorti XSAVfeature 0x002: 'SSE registers'
[    0.000000] x86/fpu: Supporting XSAVE feature 0x004: 'AVX registers'
[    0.000000] x86/fpu: xstate_offset[2]:  576, xstate_sizes[2]:  256
[    0.000000] x86/fpu: Enabled xstate features 0x7, context size is 832 bytes, using 'standard' format.
[    0.000000] e820: BIOS-provided physical R map
[   0000000] BIOS820:mem 000000000000x0000000009fbff] usable
[    0.000000] OS-e0: [m 0x0000000900-0000000009ffff] reserved
[    0.000000] BIOS-e820: [me0x00000000000f0000-0x00000000000fffff] reserved
[    0.000000] BIOS-e820: [mem 0x0000000010000-0x0000003efff usae
[  0.0000BIOS820:mem 00000003f0000x000000ffff] AC data
[    0.000000] BS-e820[memx000000f00000x000000c00f] rerved
[  0.0000] OS-e0: [m 0x0000fee000-0x00000000fee00ff] reserved
[    0.00000 BIOe820[memx000000fc0000x000000ffff] rerved
[  0.0000]  (Exute sable) potecon: active
[    0.000000] SMBIOS 2.5 present.
[    0.000000] DMI: innotek GmbH VirtualBox/VirtualBox, BIOS VirtualBox 12/01/2006
[    0.000000] Hypervisor detected: KVM
[    0.000000] e820: last_pfn = 0x3fff0 max_arch_pfn = 0x400000000
[    0.000000] MTRR: Disabled
[    0.000000] x86/PAT: MTRRs disabled, skipping PAT initialization too.
[    0.000000] CPU MTRRs all blank - virtualized system.
[    0.000000] x86/PAT: Configuration [0-7]: WB  WT  UC- UC  WB  WT  UC- UC  
[    0.000000] found SMP MP-table at [mem 0x0009fff0-0x0009ffff]
[    0.000000] Scanning 1 areas for low memory corruption
[    0.000000] RAMDISK: [mem 0x35a6d000-0x36d2dfff]
[    0.000000] ACPI: Early table checksum verification disabled
[    0.000000] ACPI: RSDP 0x00000000000E0000 000024 (v02 VBOX  )
[    0.000000] ACPI: XSDT 0x000000003FFF0030 00003C (v01 VBOX   VBOXXSDT 00000001 ASL  00000061)
[    0.000000] ACPI: FACP 0x000000003FFF00F0 0000F4 (v04 VBOX   VBOXFACP 00000001 ASL  00000061)
[    0.000000] ACPI: DSDT 0x000000003FFF0470 0021FF (v02 VBOX   VBOXBIOS 00000002 INTL 20100528)
[    0.000000] ACPI: FACS 0x000000003FFF0200 000040
[    0.000000] ACPI: FACS 0x000000003FFF0200 000040
[    0.000000] ACPI: APIC 0x000000003FFF0240 00005C (v02 VBOX   VBOXAPIC 00000001 ASL  00000061)
[    0.000000] ACPI: SSDT 0x000000003FFF02A0 0001CC (v01 VBOX   VBOXCPUT 00000002 INTL 20100528)
[    0.000000] No NUMA configuration found
[    0.000000] Faking a node at [mem 0x0000000000000000-0x000000003ffeffff]
[    0.000000] NODE_DATA(0) allocated [mem 0x3ffc5000-0x3ffeffff]
[    0.00000]kv-clk: c 0, r 0:f440, prary u clk
[  0.0000] m-clk: Ung ms 4b64d01 an4b5600
[    0.000000] kvm-clock: using sched offset of 3909751158 cycles
[    0.000000] clocksource: kvm-clock: mask: 0xffffffffffffffff max_cycles: 0x1cd42e4dffb, max_idle_ns: 881590591483 ns
[    0.000000] Zone ranges:
[    0.000000]   DMA      [mem 0x0000000000001000-0x0000000000ffffff]
[    0.000000]   DMA32    [mem 0x0000000001000000-0x000000003ffeffff]
[    0.000000]   Normal   empty
[    0.000000]   Device   empty
[    0.000000] Movable zone start for each node
[    0.000000] Early memory node ranges
[    0.000000]   node   0: [mem 0x0000000000001000-0x00000000009efff]
[    0.000000]   node   0: [mem 0x0000000000100000-0x000000003ffeffff]
[    0.0000] Reserved but unavailable: 98 pages
[    0.000000] Initmem setup node 0 [mem 0x0000000000001000-0x000000003ffeffff]
[    0.000000] ACPI: PM-Timer IO Port: 0x4008
[    0.000000] IOAPIC[0]: apic_id 2, version 32, address 0xfec00000, GSI 0-23
[    0.000000] ACPI: INT_SRC_OVR (bus 0 bus_irq 0 global_irq 2 dfl dfl)
[    0.000000] AC: INSRC_OV(bus busrq 9lobairq low vel)
[  0.0000] ing CPI (MADTfor P coigurion formaon
[    0.000000] smpboot: Allowing 2 CPUs, 0 hotplug CPU
    0000] PMRegieredosavmemo: [m 0x000000x000fff][   .0000] P Regisred saveemor [me0x00f000x000fff]
[   0.000000] PM: egiered nose mery: em 0x0a000-0000eff][   .000000] PM: Registered nosave memoy:[mem0x00f00-0x0fffff]
[  0.0000]820:mem 400000-0ebfff] ailablefor I deces[   .00000 Boong paravrtaliz kerl on KVM
[  0.000000] clocksource: refined-jiffies: mask: 0xffffffff max_cycles: 0xffffffff, max_idle_ns: 7645519600211568 ns
[    0.000000] random: get_random_bytes called from start_kernel+0x99/0x4fd with crng_init=0
[    0.000000] setup_percpu: NR_CPUS:8192 nr_cpumask_bits:2 nr_cpu_ids:2 nr_node_ids:1
[    0.000000] percpu: Embedded 45 pages/cpu s147456 r8192 d28672 u1048576
[    0.000000] PV qspinlock hash table entries: 256 (order: 0, 4096 bytes)
[    0.000000] Built 1 zonelists, mobility grouping on.  Total pages: 257913
[    0.000000] Policy zone: DMA32
[    0.000000] Kernel command line: BOOT_IMAGE=/boot/vmlinuz-4.15.0-72-generic root=LABEL=cloudimg-rootfs ro console=tty1 console=ttyS0
[    0.000000] Memory: 983392K/1048120K available (12300K kernel code, 2481K rwdata, 4264K rodata, 2428K init, 2388K bss, 64728K reserved, 0K cma-reserved)
[    0.000000] SLUB: HWalign=64, Order=0-3 MinOects, CP=2, des=
[  0.00000] Knel/Us pagtabl isotion: enabled
[    0.000000] ftrace: allocating 39318 entries i154 ges[   .00400 Hierchical RCU implementation.
[    0.004000] 	RCU restricting CPUs from NR_CPUS=8192 to ncpu_ids=2.
[    0.004000] 	Tasks RCU enabled.
[    0.004000] RCU: Adjusting geometry for rcu_fanout_leaf=16, nr_cpu_ids=2
[    0.004000] NR_IRQS: 524544, nr_irqs: 440, preallocated irqs: 16
[    0.004000] Console: colour VGA+ 80x25
[    0.004000] console [tty1] enabled
[    0.004000] console [ttyS0] enabled
[    0.004000] ACPI: Core revision 20170831
[    0.004000] ACPI: 2 ACPI AML tables successfully quir andoaded[    0.004000] APIC: Switch to symmetric I/O mode setup
[    0.004351] x2apic enabled
[    0.008006] Switched APIC routing to physical x2apic.
[    0.013355] ..TIMER: vector=0x30 apic1=0 pin1=2 apic2=-1 pin2=-1
[    0.016006] tsc: Detected 1800.000 MHz processor
[    0.020013] Calibrating delay loop (skipped) preset value.. 3600.00 BogoMIPS (lpj=7200000)
[    0.024007] pid_max: default: 32768 minimum: 301
[    0.028044] Security Framework initialized
[    0.032004] Yama: becoming mindful.
[    0.033096] AppArmor: AppArmor initialized
[    0.036057] Dentry cache hash table entries: 131072 (order: 8, 1048576 bytes)
[    0.040096] Inode-cache hash table entries: 65536 (order: 7, 524288 bytes)
[    0.041813] Mount-cache hash table entries: 2048 (order: 2, 16384 bytes)
[    0.044007] Mountpoint-cache hash table entries: 2048 (order: 2, 16384 bytes)
[    0.046065] Last level iTLB entries: 4KB 64, 2MB 8, 4MB 8
[    0.048003] Last level dTLB entries: 4KB 64, 2MB 0, 4MB 0, 1GB 4
[    0.049484] Spectre V1 : Mitigation: usercopy/swapgs barriers and __user pointer sanitization
[    0.052006] Spectre V2 : Mitigation: Full generic retpoline
[    0.056004] Spectre V2 : Spectre v2 / SpectreRSB mitigation: Filling RSB on context switch
[    0.060006] Speculative Store Bypass: Vulnerable
[    0.064053] MDS: Vulnerable: Clear CPU buffers attempted, no microcode
[    0.068212] Freeing SMP alternatives memory: 36K
[    0.184000] smpboot: CPU0: Intel(R) Core(TM) i5-8250U CPU @ 1.60GHz (family: 0x6, model: 0x8e, stepping: 0xa)
[    0.184097] Performance Events: unsupported p6 CPU model 142 no PMU driver, software events only.
[    0.188066] Hierarchical SRCU implementation.
[    0.189706] NMI watchdog: Perf event create on CPU 0 failed with -2
[    0.192005] NMI watchdog: Perf NMI watchdog permanently disabled
[    0.193911] smp: Bringing up secondary CPUs ...
[    0.196125] x86: Booting SMP configuration:
[    0.197208] .... node  #0, CPUs:      #1
[    0.004000] kvm-clock: cpu 1, msr 0:3ff44041, secondary cpu clock
[    0.203173] smp: Brought up 1 node, 2 CPUs
[    0.204006] smpboot: Max logical packages: 1
[    0.205084] smpboot: Total of 2 processors activated (7200.00 BogoMIPS)
[    0.206867] devtmpfs: initialized
[    0.208054] x86/mm: Memory block size: 128MB
[    0.209258] evm: security.selinux
[    0.210108] evm: security.SMACK64
[    0.210963] evm: security.SMACK64EXEC
[    0.211902] evm: security.SMACK64TRANSMUTE
[    0.212003] evm: security.SMACK64MMAP
[    0.216002] evm: security.apparmor
[    0.220004] evm: security.ima
[    0.224002] evm: security.capability
[    0.232121] clocksource: jiffies: mask: 0xffffffff max_cycles: 0xffffffff, max_idle_ns: 7645041785100000 ns
[    0.236011] futex hash table entries: 512 (order: 3, 32768 bytes)
[    0.242856] pinctrl core: initialized pinctrl subsystem
[    0.244128] RTC time:  0:18:02, date: 03/09/20
[    0.245457] NET: Registered protocol family 16
[    0.248086] audit: initializing netlink subsys (disabled)
[    0.249497] audit: type=2000 audit(1583713070.306:1): state=initialized audit_enabled=0 res=1
[    0.252006] cpuidle: using governor ladder
[    0.253041] cpuidle: using governor menu
[    0.256053] ACPI: bus type PCI registered
[    0.260007] acpiphp: ACPI Hot Plug PCI Controller Driver version: 0.5
[    0.264120] PCI: Using configuration type 1 for base access
[    0.269135] HugeTLB registered 2.00 MiB page size, pre-allocated 0 pages
[    0.272091] ACPI: Added _OSI(Module Device)
[    0.276003] ACPI: Added _OSI(Processor Device)
[    0.277158] ACPI: Added _OSI(3.0 _SCP Extensions)
[    0.278385] ACPI: Added _OSI(Processor Aggregator Device)
[    0.280003] ACPI: Added _OSI(Linux-Dell-Video)
[    0.281130] ACPI: Added _OSI(Linux-Lenovo-NV-HDMI-Audio)
[    0.282486] ACPI: Added _OSI(Linux-HPI-Hybrid-Graphics)
[    0.284305] ACPI: Executed 1 blocks of module-level executable AML code
[    0.289947] ACPI: Interpreter enabled
[    0.290896] ACPI: (supports S0 S5)
[    0.291803] ACPI: Using IOAPIC for interrupt routing
[    0.292426] PCI: Using host bridge windows from ACPI; if necessary, use "pci=nocrs" and report a bug
[    0.296236] ACPI: Enabled 2 GPEs in block 00 to 07
[    0.307622] ACPI: PCI Root Bridge [PCI0] (domain 0000 [bus 00-ff])
[    0.308013] acpi PNP0A03:00: _OSC: OS supports [ASPM ClockPM Segments MSI]
[    0.309709] acpi PNP0A03:00: _OSC: not requesting OS control; OS requires [ExtendedConfig ASPM ClockPM MSI]
[    0.312018] acpi PNP0A03:00: fail to add MMCONFIG information, can't access extended PCI configuration space under this bridge.
[    0.316406] PCI host bridge to bus 0000:00
[    0.320010] pci_bus 0000:00: root bus resource [io  0x0000-0x0cf7 window]
[    0.324009] pci_bus 0000:00: root bus resource [io  0x0d00-0xffff window]
[    0.328009] pci_bus 0000:00: root bus resource [mem 0x000a0000-0x000bffff window]
[    0.332003] pci_bus 0000:00: root bus resource [mem 0x40000000-0xfdffffff window]
[    0.336004] pci_bus 0000:00: root bus resource [bus 00-ff]
[    0.346045] pci 0000:00:01.1: legacy IDE quirk: reg 0x10: [io  0x01f0-0x01f7]
[    0.348015] pci 0000:00:01.1: legacy IDE quirk: reg 0x14: [io  0x03f6]
[    0.352009] pci 0000:00:01.1: legacy IDE quirk: reg 0x18: [io  0x0170-0x0177]
[    0.356006] pci 0000:00:01.1: legacy IDE quirk: reg 0x1c: [io  0x0376]
[    0.378043] pci 0000:00:07.0: quirk: [io  0x4000-0x403f] claimed by PIIX4 ACPI
[    0.380025] pci 0000:00:07.0: quirk: [io  0x4100-0x410f] claimed by PIIX4 SMB
[    0.391000] ACPI: PCI Interrupt Link [LNKA] (IRQs 5 9 10 *11)
[    0.392414] ACPI: PCI Interrupt Link [LNKB] (IRQs 5 9 *10 11)
[    0.393950] ACPI: PCI Interrupt Link [LNKC] (IRQs 5 *9 10 11)
[    0.396134] ACPI: PCI Interrupt Link [LNKD] (IRQs 5 9 10 *11)
[    0.397929] SCSI subsystem initialized
[    0.404040] pci 0000:00:02.0: vgaarb: setting as boot VGA device
[    0.408000] pci 0000:00:02.0: vgaarb: VGA device added: decodes=io+mem,owns=io+mem,locks=none
[    0.408010] pci 0000:00:02.0: vgaarb: bridge control possible
[    0.412004] vgaarb: loaded
[    0.416054] ACPI: bus type USB registered
[    0.420043] usbcore: registered new interface driver usbfs
[    0.424032] usbcore: registered new interface driver hub
[    0.428048] usbcore: registered new device driver usb
[    0.432070] EDAC MC: Ver: 3.0.0
[    0.436238] PCI: Using ACPI for IRQ routing
[    0.437392] NetLabel: Initializing
[    0.438308] NetLabel:  domain hash size = 128
[    0.440003] NetLabel:  protocols = UNLABELED CIPSOv4 CALIPSO
[    0.441518] NetLabel:  unlabeled traffic allowed by default
[    0.444089] clocksource: Switched to clocksource kvm-clock
[  0633]FSDi qtadqt_6.
[  10368] S: Dotace ha tlentries: 512 (order 0, 4096 bytes)
[    1.497067] AppArmor: AArmor Filesystem Enabled
[    1.547821] pnp: PnP ACPI init
[  1495]npPnAC: un3 vis
[   .180 ccksoceac_p mk:xfffmacyes0xff, x_les:08014 ns
[   .386 N: gier protoc family 2

[    3.742761] TCP established hash table entries: 8192 (order: 4, 65536 bytes)
[    3.751446] TCP bind hash table entries: 8192 (order: 5, 131072 bytes)
[  3551]CPHa tlecoigur (talished19bi 82)[  4010] UDP sh table entries: 512 (order: 2, 16384 bytes)
[    4.824979] UDP-Lite hash table entries: 512 (order: 2, 16384 bytes)
[    4.826766] NET: Registered protocol family 1
[    4.827868] pci 0000:00:00.0: Limiting direct PCI/PCI transfers
[    4.829517] pci 0000:00:01.0: Activating ISA DMA hang workarounds
[   .815 p 00::00:Videdecewith adedOMt emx0c00-00ff]  5.25] paininrafs..

[    6.693678] Freeing initrd memory: 19204K
[    6.850893] clocksource: tsc: mask: 0xffffffffffffffff max_cycles: 0x19f2297dd97, max_idle_ns: 440795236593 ns
[    6.948274] platform rtc_cmos: registered platform RTC device (no PNP device found)
[    6.950243] Scanning for low memory corruption every 60 seconds
[    6.952420] Initialise system trusted keyrings
[    6.953615] Key type blacklist registered
[    6.954764] workingset: timestamp_bits=36 max_order=18 bucket_order=0
[    6.957452] zbud: loaded
[    6.958786] squashfs: version 4.0 (2009/01/31) Phillip Lougher
[    6.960673] fuse init (API version 7.26)
[    6.965383] Key type asymmetric registered
[    6.966412] Asymmetric key parser 'x509' registered
[    6.967669] Block layer SCSI generic (bsg) driver version 0.4 loaded (major 246)
[    6.969687] io scheduler noop registered
[    6.971014] io scheduler deadline registered
[    6.972276] io scheduler cfq registered (default)
[    6.989387] ACPI: AC Adapter [AC] (on-line)
[    6.990539] input: Power Button as /devices/LNXSYSTM:00/LNXPWRBN:00/input/input0
[    6.992469] ACPI: Power Button [PWRF]
[    6.993493] input: Sleep Button as /devices/LNXSYSTM:00/LNXSLPBN:00/input/input1
[    7.001513] ACPI: Sleep Button [SLPF]
[    7.010737] ACPI: Battery Slot [BAT0] (battery present)
[    7.012238] Serial: 8250/16550 driver, 32 ports, IRQ sharing enabled
[    7.036466] 00:02: ttyS0 at I/O 0x3f8 (irq = 4, base_baud = 115200) is a 16550A
[    7.093509] Linux agpgart interface v0.103
[    7.096261] loop: module loaded
[    7.211203] scsi host0: ata_piix
[    7.218988] scsi host1: ata_piix
[    7.235072] ata1: PATA max UDMA/33 cmd 0x1f0 ctl 0x3f6 bmdma 0xd000 irq 14
[    7.236729] ata2: PATA max UDMA/33 cmd 0x170 ctl 0x376 bmdma 0xd008 irq 15
[    7.238479] libphy: Fixed MDIO Bus: probed
[    7.239774] tun: Universal TUN/TAP device driver, 1.6
[    7.241300] PPP generic driver version 2.4.2
[    7.249773] ehci_hcd: USB 2.0 'Enhanced' Host Controller (EHCI) Driver
[    7.282496] ehci-pci: EHCI PCI platform driver
[    7.297093] ehci-platform: EHCI generic platform driver
[    7.305467] ohci_hcd: USB 1.1 'Open' Host Controller (OHCI) Driver
[    7.320085] ohci-pci: OHCI PCI platform driver
[    7.356869] ohci-platform: OHCI generic platform driver
[    7.358229] uhci_hcd: USB Universal Host Controller Interface driver
[    7.359939] i8042: PNP: PS/2 Controller [PNP0303:PS2K,PNP0f03:PS2M] at 0x60,0x64 irq 1,12
[    7.362645] serio: i8042 KBD port at 0x60,0x64 irq 1
[    7.363944] serio: i8042 AUX port at 0x60,0x64 irq 12
[    7.365516] mousedev: PS/2 mouse device common for all mice
[    7.367358] input: AT Translated Set 2 keyboard as /devices/platform/i8042/serio0/input/input2
[    7.368429] rtc_cmos rtc_cmos: rtc core: registered rtc_cmos as rtc0
[   .311 r_cs c_osalmsp  o d, 4 tes nvram

[    8.126576] i2c /dev entries driver
[    8.127583] device-mapper: uevent: version 1.0.3
[    8.128931] device-mapper: ioctl: 4.37.0-ioctl (2017-09-20) initialised: dm-devel@redhat.com
[    8.153710] ledtrig-cpu: registered to indicate activity on CPUs
[    8.219259] NET: Registered protocol family 10
[    8.347517] Segment Routing with IPv6
[    8.444846] NET: Registered protocol family 17
[    8.572980] Key type dns_resolver registered
[    8.711189] mce: Using 0 MCE banks
[    8.736804] RAS: Corretae ro cllector initialized.
[   .941 sed_clock: Marking stable (8955348253, 0)->(28694021092, -19738672839)

[    9.164582] registered taskstats version 1
[    9.166038] Loading compiled-in X.509 certficas
[    9.285710] Loaded X.509 cert 'Build time autogenerated kernel key: f4f7241365689b0cbe3898188e65e316fd8f978d'
[    9.567964] zswap: loaded using pool lzo/zbud
[    9.582481] Key type big_key registered
[    9.600718] Key type trusted registered
[    9.603716] Key type encrypted registered
[    9.683483] AppArmor: AppArmor sha1 policy hashing enabled
[    9.770076] ima: No TPM chip found, activating TPM-bypass! (rc=-19)
[    9.849113] ima: Allocated hash algorithm: sha1
[   .920 e: ACtt: 0x1
[ 10513] Micumr:2:2203
[   10.868165] tty tty32: hash matches
[ 10.899 r_cs c_osseting system clock to 20-0090::1UT(13709
[   11.728 BS EDD facility v0.16 2004-Jun-25, 0 devices found
[   11.9457] D foaton n ailbl.
[   12.396221] Freeing unused kernel image memory: 2428K
[   12.620577] Write protecting the kernel read-only data: 20480k
[   12.626369] Freeing unused kernel image memory: 2008K
[   13.592454] Freeing unused kernel image memory: 1880K
[   13.966070] x86/mm: Checked W+X mappings: passed, no W+X pages found.
[   13.968069] x86/mm: Checking user space page tables
[   13.983636] x86/mm: Checked W+X mappings: passed, no W+X pages found.
Loading, please wait...
starting version 237
[   14.097011] Fusion MPT base driver 3.04.20
[   14.098252] Copyright (c) 1999-2008 LSI Corporation
[   14.127529] AVX2 version of gcm_enc/dec engaged.
[   14.129019] AES CTR mode by8 optimization enabled
[   14.131479] e1000: Intel(R) PRO/1000 Network Driver - version 7.3.21-k8-NAPI
[   14.133236] e1000: Copyright (c) 1999-2006 Intel Corporation.
[   14.139045] Fusion MPT SPI Host driver 3.04.20
[   14.314950] input: ImExPS/2 Generic Explorer Mouse as /devices/platform/i8042/serio1/input/input4
[   15.361516] e1000 0000:00:03.0 eth0: (PCI:33MHz:32-bit) 02:b7:1f:33:e9:24
[   15.393740] e1000 0000:00:03.0 eth0: Intel(R) PRO/1000 Network Connection
[   15.410279] mptbase: ioc0: Initiating bringup
[   15.555701] e1000 0000:00:03.0 enp0s3: renamed from eth0
[   15.705070] ioc0: LSI53C1030 A0: Capabilities={Initiator}
[   15.959356] scsi host2: ioc0: LSI53C1030 A0, FwRev=00000000h, Ports=1, MaxQ=256, IRQ=20
[   16.177057] scsi 2:0:0:0: Direct-Access     VBOX     HARDDISK         1.0  PQ: 0 ANSI: 5
[   16.224581] scsi target2:0:0: Beginning Domain Validation
[   16.244135] scsi target2:0:0: Domain Validation skipping write tests
[   16.259503] scsi target2:0:0: Ending Domain Validation
[   16.261133] scsi target2:0:0: asynchronous
[   16.262861] scsi 2:0:1:0: Direct-Access     VBOX     HARDDISK         1.0  PQ: 0 ANSI: 5
[   16.320212] scsi target2:0:1: Beginning Domain Validation
[   16.342604] random: fast init done
[   16.480724] scsi target2:0:1: Domain Validation skipping write tests
[   16.490080] scsi target2:0:1: Ending Domain Validation
[   16.491753] scsi target2:0:1: asynchronous
[   16.497804] random: systemd-udevd: uninitialized urandom read (16 bytes read)
[   16.499617] sd 2:0:0:0: Attached scsi generic sg0 type 0
[   16.499747] random: systemd-udevd: uninitialized urandom read (16 bytes read)
[   16.503106] sd 2:0:0:0: [sda] 20971520 512-byte logical blocks: (10.7 GB/10.0 GiB)
[   16.504083] random: systemd-udevd: uninitialized urandom read (16 bytes read)
[   16.505363] sd 2:0:0:0: [sda] Write Protect is off
[   16.513007] sd 2:0:1:0: Attached scsi generic sg1 type 0
[   16.523232] sd 2:0:0:0: [sda] Incomplete mode parameter data
[   16.523247] sd 2:0:1:0: [sdb] 20480 512-byte logical blocks: (10.5 MB/10.0 MiB)
[   16.571600] sd 2:0:0:0: [sda] Assuming drive cache: write through
[   16.574770]  sda: sda1
[   16.604234] sd 2:0:1:0: [sdb] Write Protect is off
[   16.612912] sd 2:0:0:0: [sda] Attached SCSI disk
[   16.750137] sd 2:0:1:0: [sdb] Incomplete mode parameter data
[   16.758984] sd 2:0:1:0: [sdb] Assuming drive cache: write through
[   16.769148] sd 2:0:1:0: [sdb] Attached SCSI disk
Begin: Loading essential drivers ... [   18.372717] raid6: sse2x1   gen() 11603 MB/s
[   18.560062] raid6: sse2x1   xor()  8420 MB/s
[   18.768025] raid6: sse2x2   gen() 14224 MB/s
[   18.964145] raid6: sse2x2   xor()  9666 MB/s
[   19.036313] raid6: sse2x4   gen() 15715 MB/s
[   19.092018] raid6: sse2x4   xor()  9966 MB/s
[   19.288142] raid6: avx2x1   gen() 23268 MB/s
[   19.492139] raid6: avx2x1   xor() 16316 MB/s
[   19.560408] raid6: avx2x2   gen() 27113 MB/s
[   19.620017] raid6: avx2x2   xor() 16859 MB/s
[   19.680463] raid6: avx2x4   gen() 27376 MB/s
[   19.740029] raid6: avx2x4   xor() 13500 MB/s
[   19.741278] raid6: using algorithm avx2x4 gen() 27376 MB/s
[   19.749144] raid6: .... xor() 13500 MB/s, rmw enabled
[   19.750987] raid6: using avx2x2 recovery algorithm
[   19.776896] xor: automatically using best checksumming function   avx       
[   19.780939] async_tx: api initialized (async)
done.
Begin: Running /scripts/init-premount ... done.
Begin: Mounting root file system ... Begin: Running /scripts/local-top ... done.
Begin: Running /scripts/local-premount ... [   19.841043] Btrfs loaded, crc32c=crc32c-intel
Scanning for Btrfs filesystems
done.
Warning: fsck not present, so skipping root file system
[   19.872475] EXT4-fs (sda1): mounted filesystem with ordered data mode. Opts: (null)
done.
Begin: Running /scripts/local-bottom ... done.
Begin: Running /scripts/init-bottom ... done.
[   20.031763] ip_tables: (C) 2000-2006 Netfilter Core Team
[   20.077844] systemd[1]: systemd 237 running in system mode. (+PAM +AUDIT +SELINUX +IMA +APPARMOR +SMACK +SYSVINIT +UTMP +LIBCRYPTSETUP +GCRYPT +GNUTLS +ACL +XZ +LZ4 +SECCOMP +BLKID +ELFUTILS +KMOD -IDN2 +IDN -PCRE2 default-hierarchy=hybrid)
[   20.091137] systemd[1]: Detected virtualization oracle.
[   20.101321] systemd[1]: Detected architecture x86-64.

Welcome to [1mUbuntu 18.04.3 LTS[0m!

[   20.144748] systemd[1]: Set hostname to <ubuntu>.
[   20.180904] systemd[1]: Initializing machine ID from random generator.
[   20.326617] systemd[1]: Installed transient /etc/machine-id file.
[   20.636425] systemd[1]: Created slice System Slice.
[[0;32m  OK  [0m] Created slice System Slice.
[   20.680678] systemd[1]: Listening on Syslog Socket.
[[0;32m  OK  [0m] Listening on Syslog Socket.
[   20.717233] systemd[1]: Listening on Device-mapper event daemon FIFOs.
[[0;32m  OK  [0m] Listening on Device-mapper event daemon FIFOs.
[   20.866954] systemd[1]: Listening on LVM2 poll daemon socket.
[[0;32m  OK  [0m] Listening on LVM2 poll daemon socket.
[[0;32m  OK  [0m] Listening on /dev/initctl Compatibility Named Pipe.
[[0;32m  OK  [0m] Listening on LVM2 metadata daemon socket.
[[0;32m  OK  [0m] Created slice system-serial\x2dgetty.slice.
[[0;32m  OK  [0m] Started Forward Password Requests to Wall Directory Watch.
[[0;32m  OK  [0m] Listening on Journal Audit Socket.
[[0;32m  OK  [0m] Reached target System Time Synchronized.
[[0;32m  OK  [0m] Listening on udev Control Socket.
[[0;32m  OK  [0m] Listening on Network Service Netlink Socket.
[[0;32m  OK  [0m] Reached target User and Group Name Lookups.
[[0;32m  OK  [0m] Listening on Journal Socket.
         Starting Monitoring of LVM2 mirrors…ng dmeventd or progress polling...
         Mounting POSIX Message Queue File System...
         Starting Create list of required st…ce nodes for the current kernel...
         Mounting Kernel Debug File System...
         Starting Set the console keyboard layout...
         Starting Uncomplicated firewall...
         Mounting Huge Pages File System...
[[0;32m  OK  [0m] Listening on udev Kernel Socket.
[[0;32m  OK  [0m] Created slice User and Session Slice.
[[0;32m  OK  [0m] Reached target Slices.
[[0;32m  OK  [0m] Set up automount Arbitrary Executab…rmats File System Automount Point.
[[0;32m  OK  [0m] Listening on Journal Socket (/dev/log).
         Starting Journal Service...
         Starting udev Coldplug all Devices...
[[0;32m  OK  [0m] Reached target Swap.
         Starting Remount Root and Kernel File Systems...
         Starting Load Kernel Modules...
[[0;32m  OK  [0m] Mounted POSIX Message Queue File System.
[[0;32m  OK  [0m] Started Create list of required sta…vice nodes for the current kernel.
[[0;32m  OK  [0m] Mounted Kernel D[   21.320141] EXT4-fs (sda1): re-mounted. Opts: (null)
ebug File System[   22.624327] Loading iSCSI transport class v2.0-870.
.
[[0;32m  OK  [0m] Started Uncom[   23.988447] iscsi: registered transport (tcp)
plicated firewal[   24.164721] iscsi: registered transport (iser)
l.
[[0;32m  OK  [0m] Started Journal Service.
[[0;32m  OK  [0m] Started Set the console keyboard layout.
[[0;32m  OK  [0m] Mounted Huge Pages File System.
[[0;32m  OK  [0m] Started Remount Root and Kernel File Systems.
[[0;32m  OK  [0m] Started Load Kernel Modules.
[[0;32m  OK  [0m] Started udev Coldplug all Devices.
[[0;32m  OK  [0[   24.543487] random: crng init done
m] Started LVM2 [   24.679993] random: 7 urandom warning(s) missed due to ratelimiting
metadata daemon.
         Starting Apply Kernel Variables...
         Mounting FUSE Control File System...
         Mounting Kernel Configuration File System...
         Starting Load/Save Random Seed...
         Starting Flush Journal to Persistent Storage...
         Starting Create Static Device Nodes in /dev...
[[0;32m  OK  [0m] Started Monitoring of LVM2 mirrors,…sing dmeventd or progress polling.
[[0;32m  OK  [0m] Started Apply Kernel Variables.
[[0;32m  OK  [0m] Mounted FUSE Control File System.
[[0;32m  OK  [0m] Mounted Kernel Configuration File System.
[[0;32m  OK  [0m] Started Load/Save Random Seed.
[[0;32m  OK  [0m] Started Create Static Device Nodes in /dev.
         Starting udev Kernel Device Manager...
[[0;32m  OK  [0m] Reached target Local File Systems (Pre).
[[0;32m  OK  [0m] Reached target Local File Systems.
         Starting Tell Plymouth To Write Out Runtime Data...
         Starting Commit a transient machine-id on disk...
         Starting AppArmor initialization...
         Starting Set console font and keymap...
         Starting ebtables ruleset management...
[[0;32m  OK  [0m] Started udev Kernel Device Manager.
[[0;32m  OK  [0m] Started Tell Plymouth To Write Out Runtime Data.
[[0;32m  OK  [0m] Started Commit a transient machine-id on disk.
[[0;32m  OK  [0m] Started Set console font and keymap.
[[0;32m  OK  [0m] Found device /dev/ttyS0.
[[0;32m  OK  [0m] Started Dispatch Password Requests to Console Directory Watch.
[[0;32m  OK  [0m] Reached target Local Encrypted Volumes.
[[0;32m  OK  [0m] Started ebtables ruleset management.
[[0;32m  OK  [0m] Started Flush Journal to Persistent Storage.
         Starting Create Volatile Files and Directories...
[[0;32m  OK  [0m] Started Create Volatile Files and Directories.
         Starting Update UTMP about System Boot/Shutdown...
[[0;32m  OK  [0m] Listening on Load/Save RF Kill Switch Status /dev/rfkill Watch.
[[0;32m  OK  [0m] Started Update UTMP about System Boot/Shutdown.
[[0;32m  OK  [0m] Started AppArmor initialization.
         Starting Initial cloud-init job (pre-networking)...
[   28.303885] cloud-init[553]: Cloud-init v. 19.3-41-gc4735dd3-0ubuntu1~18.04.1 running 'init-local' at Mon, 09 Mar 2020 00:18:32 +0000. Up 27.84 seconds.
[[0;32m  OK  [0m] Started Initial cloud-init job (pre-networking).
[[0;32m  OK  [0m] Reached target Network (Pre).
         Starting Network Service...
[[0;32m  OK  [0m] Started Network Service.
         Starting Wait for Network to be Configured...
         Starting Network Name Resolution...
[[0;32m  OK  [0m] Started Network Name Resolution.
[[0;32m  OK  [0m] Reached target Network.
[[0;32m  OK  [0m] Reached target Host and Network Name Lookups.
[[0;32m  OK  [0m] Started Wait for Network to be Configured.
         Starting Initial cloud-init job (metadata service crawler)...
[   31.155083] cloud-init[678]: Cloud-init v. 19.3-41-gc4735dd3-0ubuntu1~18.04.1 running 'init' at Mon, 09 Mar 2020 00:18:35 +0000. Up 30.91 seconds.
[   31.210878] cloud-init[678]: ci-info: ++++++++++++++++++++++++++++++++++++++Net device info++++++++++++++++++++++++++++++++++++++
[   31.286496] cloud-init[678]: ci-info: +--------+------+----------------------------+---------------+--------+-------------------+
[   31.348380] cloud-init[678]: ci-info: | Device |  Up  |          Address           |      Mask     | Scope  |     Hw-Address    |
[   31.351779] cloud-init[678]: ci-info: +--------+------+----------------------------+---------------+--------+-------------------+
[   31.392594] cloud-init[678]: ci-info: | enp0s3 | True |         10.0.2.15          | 255.255.255.0 | global | 02:b7:1f:33:e9:24 |
[   31.540749] cloud-init[678]: ci-info: | enp0s3 | True | fe80::b7:1fff:fe33:e924/64 |       .       |  link  | 02:b7:1f:33:e9:24 |
[   31.636284] cloud-init[678]: ci-info: |   lo   | True |         127.0.0.1          |   255.0.0.0   |  host  |         .         |
[   31.816341] cloud-init[678]: ci-info: |   lo   | True |          ::1/128           |       .       |  host  |         .         |
[[0;32m  OK  [0m] Started Initial cloud-init job (metadata service crawler).
[[0;32m  OK  [0m] [   31.926587] cloud-init[678]: ci-info: +--------+------+----------------------------+---------------+--------+-------------------+
[   31.936473] cloud-init[678]: ci-info: ++++++++++++++++++++++++++++Route IPv4 info+++++++++++++++++++++++++++++
[   31.936537] cloud-init[678]: ci-info: +-------+-------------+----------+-----------------+-----------+-------+
[   31.936583] cloud-init[678]: ci-info: | Route | Destination | Gateway  |     Genmask     | Interface | Flags |
[   31.936628] cloud-init[678]: ci-info: +-------+-------------+----------+-----------------+-----------+-------+
[   31.936675] cloud-init[678]: ci-info: |   0   |   0.0.0.0   | 10.0.2.2 |     0.0.0.0     |   enp0s3  |   UG  |
[   31.936739] cloud-init[678]: ci-info: |   1   |   10.0.2.0  | 0.0.0.0  |  255.255.255.0  |   enp0s3  |   U   |
[   31.936785] cloud-init[678]: ci-info: |   2   |   10.0.2.2  | 0.0.0.0  | 255.255.255.255 |   enp0s3  |   UH  |
[   31.936826] cloud-init[678]: ci-info: +-------+-------------+----------+-----------------+-----------+-------+
[   31.936868] cloud-init[678]: ci-info: +++++++++++++++++++Route IPv6 info+++++++++++++++++++
[   31.936910] cloud-init[678]: ci-info: +-------+-------------+---------+-----------+-------+
[   31.936951] cloud-init[678]: ci-info: | Route | Destination | Gateway | Interface | Flags |
[   31.936991] cloud-init[678]: ci-info: +-------+-------------+---------+-----------+-------+
[   31.937029] cloud-init[678]: ci-info: |   1   |  fe80::/64  |    ::   |   enp0s3  |   U   |
[   31.937445] cloud-init[678]: ci-info: |   3   |    local    |    ::   |   enp0s3  |   U   |
[   31.937491] cloud-init[678]: ci-info: |   4   |   ff00::/8  |    ::   |   enp0s3  |   U   |
[   31.937534] cloud-init[678]: ci-info: +-------+-------------+---------+-----------+-------+
[   31.937574] cloud-init[678]: Generating public/private rsa key pair.
[   31.937615] cloud-init[678]: Your identification has been saved in /etc/ssh/ssh_host_rsa_key.
[   31.937657] cloud-init[678]: Your public key has been saved in /etc/ssh/ssh_host_rsa_key.pub.
[   31.937728] cloud-init[678]: The key fingerprint is:
[   31.937773] cloud-init[678]: SHA256:OiznHbf8cEbCSEko9xHWVkoUGUsrG44/yYkpRqcaaFQ root@ubuntu-bionic
[   31.937815] cloud-init[678]: The key's randomart image is:
[   31.937855] cloud-init[678]: +---[RSA 2048]----+
[   31.937898] cloud-init[678]: |       .++*=.    |
[   31.937937] cloud-init[678]: |    . oo.+++     |
[   31.937977] cloud-init[678]: |   E o .=o+      |
[   31.938018] cloud-init[678]: |  .    +.*       |
[   31.938056] cloud-init[678]: | .  . o S o .    |
[   31.938096] cloud-init[678]: |.. . + * o o     |
[   31.938140] cloud-init[678]: |... = B B o o    |
[   31.938216] cloud-init[678]: |.  + = o = =     |
[   31.938261] cloud-init[678]: |  .   . . o..    |
[   31.938302] cloud-init[678]: +----[SHA256]-----+
[   31.938340] cloud-init[678]: Generating public/private dsa key pair.
[   31.938382] cloud-init[678]: Your identification has been saved in /etc/ssh/ssh_host_dsa_key.
[   31.938423] cloud-init[678]: Your public key has been saved in /etc/ssh/ssh_host_dsa_key.pub.
[   31.938464] cloud-init[678]: The key fingerprint is:
[   31.938502] cloud-init[678]: SHA256:x9di3gYRL/sn9TGN3f11xSzTLDLqtjjguzFeD4QxPzU root@ubuntu-bionic
[   31.938544] cloud-init[678]: The key's randomart image is:
[   31.938587] cloud-init[678]: +---[DSA 1024]----+
[   31.938630] cloud-init[678]: |            .    |
[   31.938693] cloud-init[678]: |             o = |
[   31.938741] cloud-init[678]: |      o   E = = *|
[   31.938783] cloud-init[678]: |       = o o B *=|
[   31.938825] cloud-init[678]: |      . S + * ooO|
[   31.938869] cloud-init[678]: |      .. + + = .B|
[   31.938910] cloud-init[678]: |     .o.o o . = +|
[   31.938954] cloud-init[678]: |     ..+.= . . o |
[   31.938994] cloud-init[678]: |      +o..o      |
[   31.939033] cloud-init[678]: +----[SHA256]-----+
[   31.939071] cloud-init[678]: Generating public/private ecdsa key pair.
[   31.939112] cloud-init[678]: Your identification has been saved in /etc/ssh/ssh_host_ecdsa_key.Reached target System Initialization.
         Starting Socket activation for snappy daemon.
[[0;32m  OK  [0m] Listening on ACPID Listen Socket.
[[0;32m  OK  [0m] Started Daily Cleanup of Temporary Directories.
[[0;32m  OK  [0m] Started Message of the Day.
[[0;32m  OK  [0m] Started Discard unused blocks once a week.
[[0;32m  OK  [0m] Started Daily apt download activities.
[[0;32m  OK  [0m] Listening on Open-iSCSI iscsid Socket.
[[0;32m  OK  [0m] Started Daily apt upgrade and clean activities.
[[0;32m  OK  [0m] Reached target Timers.
[[0;32m  OK  [0m] Listening on UUID daemon activation socket.
[[0;32m  OK  [0m] Listening on D-Bus System Message Bus Socket.

[[0;32m  OK  [0m] Started ACPI Events Check.
[[0;32m  OK  [0m] Reached target Paths.
[   33.924064] cloud-init[678]: Your public key has been saved in /etc/ssh/ssh_host_ecdsa_key.pub.
         Starting LXD - unix socket.
[[0;32m  OK  [0m] Reached target Network is Online.
[   34.045455] cloud-init[678]: The key fingerprint is:
         Starting Availability of block devices...
[[0;32m  OK  [0m] Reached target Remote File Systems (Pre).
[[0;32m  OK  [0m] Reached target Remote File Systems.
[   34.178862] cloud-init[[0;32m  OK  [0m] Reached target Cloud-config availability.
[[0;32m  OK  [0m] Listening on Socket activation for snappy daemon.
[[0;32m  OK  [0m] Listening on LXD - unix socket.
[678]: SHA256:447JE7YcS4+se9/WJZ3bEaEs8r9o0oFKVRHb1LfglPA root@ubuntu-bionic
[[0;32m  OK  [0m] Started Availability of block devices.
[[0;32m  OK  [0m] Reached target Sockets.
[[0;32m  OK  [0m] Reached target Basic System.
[   34.391477] cloud-init[678]: The key's randomart image is:
[   34.568600] cloud-init[678]: +---[ECDSA 256]---+
[[0;32m  OK  [0m] Started D-Bus System Message Bus.
[   34.571814] cloud-init[678]: |           ++.o  |
[   34.578652] cloud-init[678]: |           .=+ o.|
[   34.588685] cloud-init[678]: |          ..+Eo +|
[   34.594588] cloud-init[678]: |         o . + o |
[   34.602763] cloud-init[678]: |        S + .. ..|
[[0;32m  OK  [0m] Started Regular background program processing daemon.
[   34.659370] cloud-init[678]: |      =o o o. +. |
         [   34.724757] Starting System Logging Service...cloud-init
[678]: |     =.Bo ..oo o.|
         [   34.785822] cloud-init[678]: |     .O=.o.oo.. .|
[   34.786298] cloud-init[678]: |    o++oo.+. ..  |
Starting Permit User Sessions...
[   34.788453] cloud-init[678]: +----[SHA256]-----+
         [   34.822360] cloud-init[678]: Generating public/private ed25519 key pair.
[   34.822880] cloud-init[678]: Your identification has been saved in /etc/ssh/ssh_host_ed25519_key.
Starting Pollinate to seed the pseudo random number generator...
[   34.823534] cloud-init[678]: Your public key has been saved in /etc/ssh/ssh_host_ed25519_key.pub.
         Starting Accounts Service...
[   34.984471] cloud-init[678]: The key fingerprint is:
[[0;32m  OK  [0m] [   35.003893] cloud-init[678]: SHA256:Ik7J/xBu5LrGICMoH1jTGIkhumyqgjztiaMukPtRUIc root@ubuntu-bionic
[   35.004910] cloud-init[678]: The key's randomart image is:
Started FUSE filesystem for LXC.
[   35.006014] cloud-init[678]: +--[ED25519 256]--+
         [   35.137114] Starting Dispatcher daemon for systemd-networkd...cloud-init
[678]: |oo ....          |
         [   35.202985] cloud-init[678]: |+ o.E.           |
[   35.203394] cloud-init[678]: |. .+             |
[   35.203616] cloud-init[678]: |..+o..           |
Starting LXD - container startup/shutdown...
[   35.203920] cloud-init[678]: |o* .* + S        |
[   35.249352] cloud-init[678]: |% o+ * o         |
[   35.250876] cloud-init[678]: |B=o+. *          |
[   35.254462] cloud-init[678]: |*+oo+o o         |
         Starting LSB: Record successful boot for GRUB...
[   35.283953] cloud-init[678]: |B+=+o.  .        |
[   35.285639] cloud-init[678]: +----[SHA256]-----+
         Starting Snappy daemon...
[[0;32m  OK  [0m] Started irqbalance daemon.
         Starting LSB: automatic crash report generation...
[[0;32m  OK  [0m] Started Deferred execution scheduler.
         Starting Virtualbox guest utils...
         Starting Login Service...
[[0;32m  OK  [0m] Started System Logging Service.
[[0;32m  OK  [0m] Started Permit User Sessions.
[[0;32m  OK  [0m] Started Dispatcher daemon for systemd-networkd.
[[0;32m  OK  [0m] Started LXD - container startup/shutdown.
         Starting Authorization Manager...
         Starting Terminate Plymouth Boot Screen...
         Starting Hold until boot process finishes up...
[[0;32m  OK  [0m] Started Terminate Plymouth Boot Screen.
[[0;32m  OK  [0m] Started Hold until boot process finishes up.
[[0;32m  OK  [0m] Started Login Service.
[[0;32m  OK  [0m] Started Unattended Upgrades Shutdown.
         Starting Set console scheme...
[[0;32m  OK  [0m] Started Serial Getty on ttyS0.
[[0;32m  OK  [0m] Started Set console scheme.
[[0;32m  OK  [0m] Created slice system-getty.slice.
[[0;32m  OK  [0m] Started Getty on tty1.
[[0;32m  OK  [0m] Reached target Login Prompts.
[[0;32m  OK  [0m] Started LSB: Record successful boot for GRUB.
[[0;32m  OK  [0m] Started LSB: automatic crash report generation.
[[0;32m  OK  [0m] Started Authorization Manager.
[[0;32m  OK  [0m] Started Accounts Service.
[[0;32m  OK  [0m] Started Pollinate to seed the pseudo random number generator.
         Starting OpenBSD Secure Shell server...
[[0;32m  OK  [0m] Started Virtualbox guest utils.
[[0;32m  OK  [0m] Started OpenBSD Secure Shell server.
[[0;32m  OK  [0m] Started Snappy daemon.
         Starting Wait until snapd is fully seeded...
[[0;32m  OK  [0m] Started Wait until snapd is fully seeded.
         Starting Apply the settings specified in cloud-config...
[[0;32m  OK  [0m] Reached target Multi-User System.
[[0;32m  OK  [0m] Reached target Graphical Interface.
         Starting Update UTMP about System Runlevel Changes...
[[0;32m  OK  [0m] Started Update UTMP about System Runlevel Changes.
[[0;32m  OK  [0m] Created slice User Slice of vagrant.
         Starting User Manager for UID 1000...
[[0;32m  OK  [0m] Started Session 1 of user vagrant.
[[0;32m  OK  [0m] Started User Manager for UID 1000.
[   39.027066] cloud-init[1231]: Cloud-init v. 19.3-41-gc4735dd3-0ubuntu1~18.04.1 running 'modules:config' at Mon, 09 Mar 2020 00:18:43 +0000. Up 38.43 seconds.
[[0;32m  OK  [0m] Started Apply the settings specified in cloud-config.
         Starting Execute cloud user/final scripts...
ci-info: no authorized ssh keys fingerprints found for user ubuntu.
<14>Mar  9 00:18:44 ec2: 
<14>Mar  9 00:18:44 ec2: #############################################################
<14>Mar  9 00:18:44 ec2: -----BEGIN SSH HOST KEY FINGERPRINTS-----
<14>Mar  9 00:18:44 ec2: 1024 SHA256:x9di3gYRL/sn9TGN3f11xSzTLDLqtjjguzFeD4QxPzU root@ubuntu-bionic (DSA)
<14>Mar  9 00:18:44 ec2: 256 SHA256:447JE7YcS4+se9/WJZ3bEaEs8r9o0oFKVRHb1LfglPA root@ubuntu-bionic (ECDSA)
<14>Mar  9 00:18:44 ec2: 256 SHA256:Ik7J/xBu5LrGICMoH1jTGIkhumyqgjztiaMukPtRUIc root@ubuntu-bionic (ED25519)
<14>Mar  9 00:18:44 ec2: 2048 SHA256:OiznHbf8cEbCSEko9xHWVkoUGUsrG44/yYkpRqcaaFQ root@ubuntu-bionic (RSA)
<14>Mar  9 00:18:44 ec2: -----END SSH HOST KEY FINGERPRINTS-----
<14>Mar  9 00:18:44 ec2: #############################################################
-----BEGIN SSH HOST KEY KEYS-----
ecdsa-sha2-nistp256 AAAAE2VjZHNhLXNoYTItbmlzdHAyNTYAAAAIbmlzdHAyNTYAAABBBLcHmAJ4CI38lDinlfaZzqBvPVqVESgqCDloAoBOilThbHhj9jJT9AUXBCI6q8BrIk9c6cVu4W9a9btA3roav8U= root@ubuntu-bionic
ssh-ed25519 AAAAC3NzaC1lZDI1NTE5AAAAILOVTHhCDPlE+2F6XD4XXhKne7Zgp196+DUqNILB3s/l root@ubuntu-bionic
ssh-rsa AAAAB3NzaC1yc2EAAAADAQABAAABAQDsKvb3chHDnG6rSk3ApymAF7ZRDJKJFzIApKzLsCNst7iA75LxGg1vr6fiihrK5tFXU49Ubs8x9ysHxDMhgnBG4LYPLJ9fsJModCkonJewia3+lDZkhBgnoETw2WHSbxWN7JIeEiv+rgWWfMie1OU9NO6OxrqSaiwL2RedVSiCS/RshD86o+4TyQBqY2qG4lbQUgSSFgv/Eu4KqT8oUtG4HFqbimO2eqGdX+6OeD1MDTg/JVGBX8SylbKR5BAU3qEjroXQDMAeeQBkJxUHQiq55Ll8ba71gQKGrAS6I/cNN+plS9M7rIFza0cO3Dp+4Q1eF3L+TmIBS8qyIyIoerd3 root@ubuntu-bionic
-----END SSH HOST KEY KEYS-----
[   40.211865] cloud-init[1346]: Cloud-init v. 19.3-41-gc4735dd3-0ubuntu1~18.04.1 running 'modules:final' at Mon, 09 Mar 2020 00:18:44 +0000. Up 39.76 seconds.
[[0;32m  OK  [0m] Started Execute cloud user/final scripts.
[[0;32m  OK  [0m] Reached target Cloud-init target.
[   40.297497] cloud-init[1346]: ci-info: no authorized ssh keys fingerprints found for user ubuntu.
[   40.358839] c
Ubuntu 18.04.3 LTS ubuntu-bionic ttyS0

ubuntu-bionic login: 